[INFO]:  Input subsystem initialized.
[DEBUG]: Required extensions:
[DEBUG]: VK_KHR_surface
[DEBUG]: VK_KHR_xcb_surface
[DEBUG]: VK_EXT_debug_utils
[INFO]:  Validation layers enabled. Enumerating...
[INFO]:  Searching for layer: VK_LAYER_KHRONOS_validation...
[INFO]:  Found.
[INFO]:  All required validation layers are present.
[INFO]:  Vulkan Instance created.
[DEBUG]: Creating Vulkan debugger...
[DEBUG]: Vulkan debugger created.
[DEBUG]: Creating Vulkan surface...
[DEBUG]: Vulkan surface created.
[INFO]:  Graphics | Present | Compute | Transfer | Name
[INFO]:         1 |       1 |       1 |        1 | (null) (RADV RAVEN2)
[INFO]:  Device meets queue requirements.
[TRACE]: Graphics Family Index: 0
[TRACE]: Present Family Index:  1
[TRACE]: Transfer Family Index: 1
[TRACE]: Compute Family Index:  1
[INFO]:  Selected device: '(null) (RADV RAVEN2)'.
[INFO]:  GPU type is Integrated.
[INFO]:  GPU Driver version: 22.2.99
[INFO]:  Vulkan API version: 1.3.224
[INFO]:  Shared System memory: 1.67 GiB
[INFO]:  Local GPU memory: 3.33 GiB
[INFO]:  Physical device selected.
[INFO]:  Creating logical device...
[INFO]:  Loading layer library libVkLayer_khronos_validation.so
[INFO]:  Inserted device layer VK_LAYER_KHRONOS_validation (libVkLayer_khronos_validation.so)
[INFO]:  Loading layer library libVkLayer_MESA_device_select.so
[INFO]:  Failed to find vkGetDeviceProcAddr in layer libVkLayer_MESA_device_select.so
[ERROR]: Validation Error: [ VUID-VkDeviceCreateInfo-queueFamilyIndex-02802 ] Object 0: handle = 0x5555556edb20, type = VK_OBJECT_TYPE_PHYSICAL_DEVICE; | MessageID = 0x29498778 | CreateDevice(): pCreateInfo->pQueueCreateInfos[2].queueFamilyIndex (=1) is not unique and was also used in pCreateInfo->pQueueCreateInfos[1]. The Vulkan spec states: The queueFamilyIndex member of each element of pQueueCreateInfos must be unique within pQueueCreateInfos, except that two members can share the same queueFamilyIndex if one is a protected-capable queue and one is not a protected-capable queue (https://www.khronos.org/registry/vulkan/specs/1.3-extensions/html/vkspec.html#VUID-VkDeviceCreateInfo-queueFamilyIndex-02802)
[INFO]:  Logical device created.
[INFO]:  Queues obtained.
[INFO]:  Graphics command pool created.
[INFO]:  Swapchain created successfully.
[DEBUG]: Vulkan command buffers created.
[DEBUG]: Graphics pipeline created!
[INFO]:  Vulkan renderer initialized successfully.
[DEBUG]: gameInitialize() callsed!
[INFO]:  System memory use (tagged):
  UNKNOWN    : 0.00B
  ARRAY      : 0.00B
  LINEAR_ALLC: 0.00B
  DARRAY     : 2.88KiB
  DICT       : 0.00B
  RING_QUEUE : 0.00B
  BST        : 0.00B
  STRING     : 1.80KiB
  APPLICATION: 0.00B
  JOB        : 0.00B
  TEXTURE    : 0.00B
  MAT_INST   : 0.00B
  RENDERER   : 192.00B
  GAME       : 0.00B
  TRANSFORM  : 0.00B
  ENTITY     : 0.00B
  ENTITY_NODE: 0.00B
  SCENE      : 0.00B

[DEBUG]: Window resize: 1280, 704
[INFO]:  Vulkan renderer backend->resized: w/h/gen: 12807041
[DEBUG]: Window resize: 1292, 704
[INFO]:  Vulkan renderer backend->resized: w/h/gen: 12927042
[INFO]:  Swapchain created successfully.
[DEBUG]: Vulkan command buffers created.
[INFO]:  Resized, booting.
[ERROR]: Validation Error: [ UNASSIGNED-GeneralParameterError-RequiredParameter ] Object 0: handle = 0x555555c9c210, type = VK_OBJECT_TYPE_DEVICE; | MessageID = 0x99fb7dfd | vkCmdBindDescriptorSets: required parameter pDescriptorSets[0] specified as VK_NULL_HANDLE
[ERROR]: Validation Error: [ VUID-vkCmdBindDescriptorSets-pDescriptorSets-parameter ] Object 0: handle = 0x555555588930, type = VK_OBJECT_TYPE_INSTANCE; | MessageID = 0xc7e70075 | Invalid VkDescriptorSet Object 0x0. The Vulkan spec states: pDescriptorSets must be a valid pointer to an array of descriptorSetCount valid VkDescriptorSet handles (https://www.khronos.org/registry/vulkan/specs/1.3-extensions/html/vkspec.html#VUID-vkCmdBindDescriptorSets-pDescriptorSets-parameter)
[ERROR]: Validation Error: [ VUID-vkCmdBindDescriptorSets-pDescriptorSets-parameter ] Object 0: VK_NULL_HANDLE, type = VK_OBJECT_TYPE_DESCRIPTOR_SET; | MessageID = 0xc7e70075 | vkCmdBindDescriptorSets(): Attempt to bind VkDescriptorSet 0x0[] that doesn't exist! The Vulkan spec states: pDescriptorSets must be a valid pointer to an array of descriptorSetCount valid VkDescriptorSet handles (https://www.khronos.org/registry/vulkan/specs/1.3-extensions/html/vkspec.html#VUID-vkCmdBindDescriptorSets-pDescriptorSets-parameter)
[ERROR]: Validation Error: [ UNASSIGNED-GeneralParameterError-RequiredParameter ] Object 0: handle = 0x555555c9c210, type = VK_OBJECT_TYPE_DEVICE; | MessageID = 0x99fb7dfd | vkUpdateDescriptorSets: required parameter pDescriptorWrites[0].dstSet specified as VK_NULL_HANDLE
[ERROR]: Validation Error: [ UNASSIGNED-CoreValidation-DrawState-InvalidDescriptorSet ] Object 0: VK_NULL_HANDLE, type = VK_OBJECT_TYPE_DESCRIPTOR_SET; | MessageID = 0x5a52c6ec | Cannot call vkUpdateDescriptorSets() on VkDescriptorSet 0x0[] that has not been allocated in pDescriptorWrites[0].
